system   D            wsystem.c:583  maybe_parent_dir                 [   0.00040] Also searching C:\Users\WiLL\git\AllegroPlayground2\AllegroPlayground\
system   D            wsystem.c:633  _al_win_safe_load_library        [   0.00062] PathFindOnPath found: C:\Windows\system32\d3d9.dll
system   D            wsystem.c:544  load_library_at_path             [   0.00064] Calling LoadLibrary C:\Windows\system32\d3d9.dll
system   I            wsystem.c:547  load_library_at_path             [   0.00213] Loaded C:\Windows\system32\d3d9.dll
d3d      I         d3d_disp.cpp:695  _al_d3d_init_display             [   0.01864] Render-to-texture: 1
system   I             system.c:272  al_install_system                [   0.01867] Allegro version: 5.0.8
system   D            wsystem.c:583  maybe_parent_dir                 [   0.01884] Also searching C:\Users\WiLL\git\AllegroPlayground2\AllegroPlayground\
system   D            wsystem.c:633  _al_win_safe_load_library        [   0.01897] PathFindOnPath found: C:\Windows\system32\dinput8.dll
system   D            wsystem.c:544  load_library_at_path             [   0.01899] Calling LoadLibrary C:\Windows\system32\dinput8.dll
system   I            wsystem.c:547  load_library_at_path             [   0.01926] Loaded C:\Windows\system32\dinput8.dll
dinput   I           wjoydxnu.c:913  joystick_enum_callback           [   0.04725] Joystick 0 initialized, GUID: 6c3065c0-900a-11e2-8014445535400
dinput   I           wjoydxnu.c:1042 joydx_merge                      [   0.04855] Merged, num joysticks=1
d3d      I         d3d_disp.cpp:1732 d3d_create_display_locked        [   0.04935] faux_fullscreen=0
d3d      D         d3d_disp.cpp:1733 d3d_create_display_locked        [   0.04936] al_display=007CDB70
d3d      D         d3d_disp.cpp:1734 d3d_create_display_locked        [   0.04938] al_display->vt=00774C70
d3d      I d3d_display_formats.cpp:144  _al_d3d_generate_display_format_list [   0.06013] found 64 format combinations
display  D   display_settings.c:191  debug_display_settings           [   0.06016] color: 32 (rgba 8880), depth: 0, stencil: 0, acc: 0000, samples: 0/0
display  D   display_settings.c:506  _al_score_display_settings       [   0.06017] Score is : 897
display  D   display_settings.c:191  debug_display_settings           [   0.06018] color: 32 (rgba 8880), depth: 0, stencil: 0, acc: 0000, samples: 0/0
display  D   display_settings.c:506  _al_score_display_settings       [   0.06020] Score is : 897
display  D   display_settings.c:191  debug_display_settings           [   0.06021] color: 32 (rgba 8880), depth: 24, stencil: 8, acc: 0000, samples: 0/0
display  D   display_settings.c:506  _al_score_display_settings       [   0.06022] Score is : 897
display  D   display_settings.c:191  debug_display_settings           [   0.06023] color: 32 (rgba 8880), depth: 24, stencil: 8, acc: 0000, samples: 0/0
display  D   display_settings.c:506  _al_score_display_settings       [   0.06024] Score is : 897
display  D   display_settings.c:191  debug_display_settings           [   0.06025] color: 32 (rgba 8880), depth: 24, stencil: 0, acc: 0000, samples: 0/0
display  D   display_settings.c:506  _al_score_display_settings       [   0.06026] Score is : 897
display  D   display_settings.c:191  debug_display_settings           [   0.06027] color: 32 (rgba 8880), depth: 24, stencil: 0, acc: 0000, samples: 0/0
display  D   display_settings.c:506  _al_score_display_settings       [   0.06029] Score is : 897
display  D   display_settings.c:191  debug_display_settings           [   0.06030] color: 32 (rgba 8880), depth: 16, stencil: 0, acc: 0000, samples: 0/0
display  D   display_settings.c:506  _al_score_display_settings       [   0.06031] Score is : 897
display  D   display_settings.c:191  debug_display_settings           [   0.06032] color: 32 (rgba 8880), depth: 16, stencil: 0, acc: 0000, samples: 0/0
display  D   display_settings.c:506  _al_score_display_settings       [   0.06033] Score is : 897
display  D   display_settings.c:191  debug_display_settings           [   0.06034] color: 16 (rgba 5650), depth: 0, stencil: 0, acc: 0000, samples: 0/0
display  D   display_settings.c:506  _al_score_display_settings       [   0.06040] Score is : 897
display  D   display_settings.c:191  debug_display_settings           [   0.06041] color: 16 (rgba 5650), depth: 0, stencil: 0, acc: 0000, samples: 0/0
display  D   display_settings.c:506  _al_score_display_settings       [   0.06043] Score is : 897
display  D   display_settings.c:191  debug_display_settings           [   0.06044] color: 16 (rgba 5650), depth: 24, stencil: 8, acc: 0000, samples: 0/0
display  D   display_settings.c:506  _al_score_display_settings       [   0.06045] Score is : 897
display  D   display_settings.c:191  debug_display_settings           [   0.06046] color: 16 (rgba 5650), depth: 24, stencil: 8, acc: 0000, samples: 0/0
display  D   display_settings.c:506  _al_score_display_settings       [   0.06047] Score is : 897
display  D   display_settings.c:191  debug_display_settings           [   0.06048] color: 16 (rgba 5650), depth: 24, stencil: 0, acc: 0000, samples: 0/0
display  D   display_settings.c:506  _al_score_display_settings       [   0.06049] Score is : 897
display  D   display_settings.c:191  debug_display_settings           [   0.06050] color: 16 (rgba 5650), depth: 24, stencil: 0, acc: 0000, samples: 0/0
display  D   display_settings.c:506  _al_score_display_settings       [   0.06052] Score is : 897
display  D   display_settings.c:191  debug_display_settings           [   0.06052] color: 16 (rgba 5650), depth: 16, stencil: 0, acc: 0000, samples: 0/0
display  D   display_settings.c:506  _al_score_display_settings       [   0.06054] Score is : 897
display  D   display_settings.c:191  debug_display_settings           [   0.06055] color: 16 (rgba 5650), depth: 16, stencil: 0, acc: 0000, samples: 0/0
display  D   display_settings.c:506  _al_score_display_settings       [   0.06056] Score is : 897
display  D   display_settings.c:191  debug_display_settings           [   0.06057] color: 32 (rgba 8880), depth: 0, stencil: 0, acc: 0000, samples: 0/0
display  D   display_settings.c:377  _al_score_display_settings       [   0.06058] Single Buffer requirement not met.
display  D   display_settings.c:191  debug_display_settings           [   0.06059] color: 32 (rgba 8880), depth: 0, stencil: 0, acc: 0000, samples: 0/0
display  D   display_settings.c:377  _al_score_display_settings       [   0.06061] Single Buffer requirement not met.
display  D   display_settings.c:191  debug_display_settings           [   0.06062] color: 32 (rgba 8880), depth: 24, stencil: 8, acc: 0000, samples: 0/0
display  D   display_settings.c:377  _al_score_display_settings       [   0.06063] Single Buffer requirement not met.
display  D   display_settings.c:191  debug_display_settings           [   0.06064] color: 32 (rgba 8880), depth: 24, stencil: 8, acc: 0000, samples: 0/0
display  D   display_settings.c:377  _al_score_display_settings       [   0.06065] Single Buffer requirement not met.
display  D   display_settings.c:191  debug_display_settings           [   0.06066] color: 32 (rgba 8880), depth: 24, stencil: 0, acc: 0000, samples: 0/0
display  D   display_settings.c:377  _al_score_display_settings       [   0.06068] Single Buffer requirement not met.
display  D   display_settings.c:191  debug_display_settings           [   0.06069] color: 32 (rgba 8880), depth: 24, stencil: 0, acc: 0000, samples: 0/0
display  D   display_settings.c:377  _al_score_display_settings       [   0.06070] Single Buffer requirement not met.
display  D   display_settings.c:191  debug_display_settings           [   0.06071] color: 32 (rgba 8880), depth: 16, stencil: 0, acc: 0000, samples: 0/0
display  D   display_settings.c:377  _al_score_display_settings       [   0.06072] Single Buffer requirement not met.
display  D   display_settings.c:191  debug_display_settings           [   0.06073] color: 32 (rgba 8880), depth: 16, stencil: 0, acc: 0000, samples: 0/0
display  D   display_settings.c:377  _al_score_display_settings       [   0.06074] Single Buffer requirement not met.
display  D   display_settings.c:191  debug_display_settings           [   0.06076] color: 16 (rgba 5650), depth: 0, stencil: 0, acc: 0000, samples: 0/0
display  D   display_settings.c:377  _al_score_display_settings       [   0.06077] Single Buffer requirement not met.
display  D   display_settings.c:191  debug_display_settings           [   0.06078] color: 16 (rgba 5650), depth: 0, stencil: 0, acc: 0000, samples: 0/0
display  D   display_settings.c:377  _al_score_display_settings       [   0.06079] Single Buffer requirement not met.
display  D   display_settings.c:191  debug_display_settings           [   0.06080] color: 16 (rgba 5650), depth: 24, stencil: 8, acc: 0000, samples: 0/0
display  D   display_settings.c:377  _al_score_display_settings       [   0.06081] Single Buffer requirement not met.
display  D   display_settings.c:191  debug_display_settings           [   0.06082] color: 16 (rgba 5650), depth: 24, stencil: 8, acc: 0000, samples: 0/0
display  D   display_settings.c:377  _al_score_display_settings       [   0.06084] Single Buffer requirement not met.
display  D   display_settings.c:191  debug_display_settings           [   0.06085] color: 16 (rgba 5650), depth: 24, stencil: 0, acc: 0000, samples: 0/0
display  D   display_settings.c:377  _al_score_display_settings       [   0.06086] Single Buffer requirement not met.
display  D   display_settings.c:191  debug_display_settings           [   0.06087] color: 16 (rgba 5650), depth: 24, stencil: 0, acc: 0000, samples: 0/0
display  D   display_settings.c:377  _al_score_display_settings       [   0.06088] Single Buffer requirement not met.
display  D   display_settings.c:191  debug_display_settings           [   0.06089] color: 16 (rgba 5650), depth: 16, stencil: 0, acc: 0000, samples: 0/0
display  D   display_settings.c:377  _al_score_display_settings       [   0.06091] Single Buffer requirement not met.
display  D   display_settings.c:191  debug_display_settings           [   0.06092] color: 16 (rgba 5650), depth: 16, stencil: 0, acc: 0000, samples: 0/0
display  D   display_settings.c:377  _al_score_display_settings       [   0.06093] Single Buffer requirement not met.
display  D   display_settings.c:191  debug_display_settings           [   0.06094] color: 32 (rgba 8880), depth: 0, stencil: 0, acc: 0000, samples: 0/0
display  D   display_settings.c:506  _al_score_display_settings       [   0.06095] Score is : 769
display  D   display_settings.c:191  debug_display_settings           [   0.06096] color: 32 (rgba 8880), depth: 0, stencil: 0, acc: 0000, samples: 0/0
display  D   display_settings.c:506  _al_score_display_settings       [   0.06098] Score is : 769
display  D   display_settings.c:191  debug_display_settings           [   0.06099] color: 32 (rgba 8880), depth: 24, stencil: 8, acc: 0000, samples: 0/0
display  D   display_settings.c:506  _al_score_display_settings       [   0.06101] Score is : 769
display  D   display_settings.c:191  debug_display_settings           [   0.06102] color: 32 (rgba 8880), depth: 24, stencil: 8, acc: 0000, samples: 0/0
display  D   display_settings.c:506  _al_score_display_settings       [   0.06103] Score is : 769
display  D   display_settings.c:191  debug_display_settings           [   0.06104] color: 32 (rgba 8880), depth: 24, stencil: 0, acc: 0000, samples: 0/0
display  D   display_settings.c:506  _al_score_display_settings       [   0.06105] Score is : 769
display  D   display_settings.c:191  debug_display_settings           [   0.06106] color: 32 (rgba 8880), depth: 24, stencil: 0, acc: 0000, samples: 0/0
display  D   display_settings.c:506  _al_score_display_settings       [   0.06107] Score is : 769
display  D   display_settings.c:191  debug_display_settings           [   0.06108] color: 32 (rgba 8880), depth: 16, stencil: 0, acc: 0000, samples: 0/0
display  D   display_settings.c:506  _al_score_display_settings       [   0.06110] Score is : 769
display  D   display_settings.c:191  debug_display_settings           [   0.06111] color: 32 (rgba 8880), depth: 16, stencil: 0, acc: 0000, samples: 0/0
display  D   display_settings.c:506  _al_score_display_settings       [   0.06112] Score is : 769
display  D   display_settings.c:191  debug_display_settings           [   0.06113] color: 16 (rgba 5650), depth: 0, stencil: 0, acc: 0000, samples: 0/0
display  D   display_settings.c:506  _al_score_display_settings       [   0.06114] Score is : 769
display  D   display_settings.c:191  debug_display_settings           [   0.06115] color: 16 (rgba 5650), depth: 0, stencil: 0, acc: 0000, samples: 0/0
display  D   display_settings.c:506  _al_score_display_settings       [   0.06117] Score is : 769
display  D   display_settings.c:191  debug_display_settings           [   0.06118] color: 16 (rgba 5650), depth: 24, stencil: 8, acc: 0000, samples: 0/0
display  D   display_settings.c:506  _al_score_display_settings       [   0.06119] Score is : 769
display  D   display_settings.c:191  debug_display_settings           [   0.06120] color: 16 (rgba 5650), depth: 24, stencil: 8, acc: 0000, samples: 0/0
display  D   display_settings.c:506  _al_score_display_settings       [   0.06121] Score is : 769
display  D   display_settings.c:191  debug_display_settings           [   0.06122] color: 16 (rgba 5650), depth: 24, stencil: 0, acc: 0000, samples: 0/0
display  D   display_settings.c:506  _al_score_display_settings       [   0.06123] Score is : 769
display  D   display_settings.c:191  debug_display_settings           [   0.06124] color: 16 (rgba 5650), depth: 24, stencil: 0, acc: 0000, samples: 0/0
display  D   display_settings.c:506  _al_score_display_settings       [   0.06125] Score is : 769
display  D   display_settings.c:191  debug_display_settings           [   0.06126] color: 16 (rgba 5650), depth: 16, stencil: 0, acc: 0000, samples: 0/0
display  D   display_settings.c:506  _al_score_display_settings       [   0.06128] Score is : 769
display  D   display_settings.c:191  debug_display_settings           [   0.06129] color: 16 (rgba 5650), depth: 16, stencil: 0, acc: 0000, samples: 0/0
display  D   display_settings.c:506  _al_score_display_settings       [   0.06130] Score is : 769
display  D   display_settings.c:191  debug_display_settings           [   0.06131] color: 32 (rgba 8880), depth: 0, stencil: 0, acc: 0000, samples: 0/0
display  D   display_settings.c:377  _al_score_display_settings       [   0.06133] Single Buffer requirement not met.
display  D   display_settings.c:191  debug_display_settings           [   0.06134] color: 32 (rgba 8880), depth: 0, stencil: 0, acc: 0000, samples: 0/0
display  D   display_settings.c:377  _al_score_display_settings       [   0.06135] Single Buffer requirement not met.
display  D   display_settings.c:191  debug_display_settings           [   0.06136] color: 32 (rgba 8880), depth: 24, stencil: 8, acc: 0000, samples: 0/0
display  D   display_settings.c:377  _al_score_display_settings       [   0.06137] Single Buffer requirement not met.
display  D   display_settings.c:191  debug_display_settings           [   0.06138] color: 32 (rgba 8880), depth: 24, stencil: 8, acc: 0000, samples: 0/0
display  D   display_settings.c:377  _al_score_display_settings       [   0.06139] Single Buffer requirement not met.
display  D   display_settings.c:191  debug_display_settings           [   0.06140] color: 32 (rgba 8880), depth: 24, stencil: 0, acc: 0000, samples: 0/0
display  D   display_settings.c:377  _al_score_display_settings       [   0.06142] Single Buffer requirement not met.
display  D   display_settings.c:191  debug_display_settings           [   0.06143] color: 32 (rgba 8880), depth: 24, stencil: 0, acc: 0000, samples: 0/0
display  D   display_settings.c:377  _al_score_display_settings       [   0.06144] Single Buffer requirement not met.
display  D   display_settings.c:191  debug_display_settings           [   0.06145] color: 32 (rgba 8880), depth: 16, stencil: 0, acc: 0000, samples: 0/0
display  D   display_settings.c:377  _al_score_display_settings       [   0.06146] Single Buffer requirement not met.
display  D   display_settings.c:191  debug_display_settings           [   0.06147] color: 32 (rgba 8880), depth: 16, stencil: 0, acc: 0000, samples: 0/0
display  D   display_settings.c:377  _al_score_display_settings       [   0.06151] Single Buffer requirement not met.
display  D   display_settings.c:191  debug_display_settings           [   0.06152] color: 16 (rgba 5650), depth: 0, stencil: 0, acc: 0000, samples: 0/0
display  D   display_settings.c:377  _al_score_display_settings       [   0.06154] Single Buffer requirement not met.
display  D   display_settings.c:191  debug_display_settings           [   0.06155] color: 16 (rgba 5650), depth: 0, stencil: 0, acc: 0000, samples: 0/0
display  D   display_settings.c:377  _al_score_display_settings       [   0.06156] Single Buffer requirement not met.
display  D   display_settings.c:191  debug_display_settings           [   0.06157] color: 16 (rgba 5650), depth: 24, stencil: 8, acc: 0000, samples: 0/0
display  D   display_settings.c:377  _al_score_display_settings       [   0.06158] Single Buffer requirement not met.
display  D   display_settings.c:191  debug_display_settings           [   0.06159] color: 16 (rgba 5650), depth: 24, stencil: 8, acc: 0000, samples: 0/0
display  D   display_settings.c:377  _al_score_display_settings       [   0.06160] Single Buffer requirement not met.
display  D   display_settings.c:191  debug_display_settings           [   0.06161] color: 16 (rgba 5650), depth: 24, stencil: 0, acc: 0000, samples: 0/0
display  D   display_settings.c:377  _al_score_display_settings       [   0.06163] Single Buffer requirement not met.
display  D   display_settings.c:191  debug_display_settings           [   0.06164] color: 16 (rgba 5650), depth: 24, stencil: 0, acc: 0000, samples: 0/0
display  D   display_settings.c:377  _al_score_display_settings       [   0.06165] Single Buffer requirement not met.
display  D   display_settings.c:191  debug_display_settings           [   0.06166] color: 16 (rgba 5650), depth: 16, stencil: 0, acc: 0000, samples: 0/0
display  D   display_settings.c:377  _al_score_display_settings       [   0.06167] Single Buffer requirement not met.
display  D   display_settings.c:191  debug_display_settings           [   0.06168] color: 16 (rgba 5650), depth: 16, stencil: 0, acc: 0000, samples: 0/0
display  D   display_settings.c:377  _al_score_display_settings       [   0.06169] Single Buffer requirement not met.
d3d      D         d3d_disp.cpp:1640 d3d_create_display_internals     [   0.06171] Trying format 0.
d3d      I         d3d_disp.cpp:1325 d3d_display_thread_proc          [   0.06193] Chose a display format: 23
d3d      I         d3d_disp.cpp:1394 d3d_display_thread_proc          [   0.06197] Normal window.
d3d      I         d3d_disp.cpp:800  d3d_create_device                [   0.06554] Using no depth stencil buffer
d3d      D         d3d_disp.cpp:865  d3d_create_device                [   0.10000] BeginScene succeeded in create_device
d3d      D         d3d_disp.cpp:873  d3d_create_device                [   0.10003] Success
d3d      D         d3d_disp.cpp:1663 d3d_create_display_internals     [   0.10007] Resumed after wait.
d3d      I         d3d_disp.cpp:1696 d3d_create_display_internals     [   0.10011] Format 0 succeeded.
d3d      D         d3d_disp.cpp:1719 d3d_create_display_internals     [   0.10014] Returning d3d_display: 007CDB70
d3d      D         d3d_disp.cpp:1744 d3d_create_display_locked        [   0.10015] al_display=007CDB70
d3d      D         d3d_disp.cpp:1745 d3d_create_display_locked        [   0.10016] al_display->vt=00774C70
font     D                ttf.c:786  al_load_ttf_font_stretch_f       [   0.10192] Font Resources//fonts//cactus.ttf loaded with pixel size 0 x 24.
font     D                ttf.c:788  al_load_ttf_font_stretch_f       [   0.10194]     ascent=24.0, descent=-5.0, height=27.0
dtor     D               dtor.c:184  _al_register_destructor          [   0.10196] added dtor for object 007CC1C0, func 74E11069
font     D                ttf.c:786  al_load_ttf_font_stretch_f       [   0.10225] Font Resources//fonts//cactus.ttf loaded with pixel size 0 x 36.
font     D                ttf.c:788  al_load_ttf_font_stretch_f       [   0.10227]     ascent=35.0, descent=-7.0, height=41.0
dtor     D               dtor.c:184  _al_register_destructor          [   0.10230] added dtor for object 00748DF0, func 74E11069
font     D                ttf.c:786  al_load_ttf_font_stretch_f       [   0.10275] Font Resources//fonts//arial.ttf loaded with pixel size 0 x 18.
font     D                ttf.c:788  al_load_ttf_font_stretch_f       [   0.10277]     ascent=16.0, descent=-4.0, height=21.0
dtor     D               dtor.c:184  _al_register_destructor          [   0.10279] added dtor for object 04D915F8, func 74E11069
d3d      D         d3d_disp.cpp:1165 real_choose_bitmap_format        [   0.10296] Fake format
d3d      D         d3d_disp.cpp:1165 real_choose_bitmap_format        [   0.10297] Fake format
d3d      D         d3d_disp.cpp:1165 real_choose_bitmap_format        [   0.10298] Fake format
d3d      D         d3d_disp.cpp:1165 real_choose_bitmap_format        [   0.10299] Fake format
d3d      D         d3d_disp.cpp:1165 real_choose_bitmap_format        [   0.10300] Fake format
d3d      D         d3d_disp.cpp:1165 real_choose_bitmap_format        [   0.10301] Fake format
d3d      D         d3d_disp.cpp:1165 real_choose_bitmap_format        [   0.10302] Fake format
d3d      D         d3d_disp.cpp:1165 real_choose_bitmap_format        [   0.10303] Fake format
d3d      D         d3d_disp.cpp:1165 real_choose_bitmap_format        [   0.10304] Fake format
d3d      D         d3d_disp.cpp:1173 real_choose_bitmap_format        [   0.10305] Alpha doesn't match
d3d      D         d3d_disp.cpp:1180 real_choose_bitmap_format        [   0.10306] Adapter format is 23
d3d      D         d3d_disp.cpp:1183 real_choose_bitmap_format        [   0.10307] Found a format
d3d      I         d3d_disp.cpp:2289 _al_d3d_create_bitmap            [   0.10308] Chose bitmap format 9
font     D                ttf.c:216  alloc_glyph_region               [   0.10489] glyph 19x26 (20x28)
dinput   E           wjoydxnu.c:481  _al_win_joystick_dinput_grab     [   0.10815] IDirectInputDevice8_SetCooperativeLevel failed.
d3d      D          d3d_bmp.cpp:455  _al_d3d_sync_bitmap              [   0.11171] _al_d3d_sync_bitmap (system) ref count == 1
d3d      D          d3d_bmp.cpp:460  _al_d3d_sync_bitmap              [   0.11174] _al_d3d_sync_bitmap (video) ref count == 2
font     D                ttf.c:216  alloc_glyph_region               [   0.11412] glyph 16x26 (16x28)
d3d      D          d3d_bmp.cpp:455  _al_d3d_sync_bitmap              [   0.11516] _al_d3d_sync_bitmap (system) ref count == 1
d3d      D          d3d_bmp.cpp:460  _al_d3d_sync_bitmap              [   0.11519] _al_d3d_sync_bitmap (video) ref count == 2
font     D                ttf.c:216  alloc_glyph_region               [   0.11557] glyph 18x26 (20x28)
d3d      D          d3d_bmp.cpp:455  _al_d3d_sync_bitmap              [   0.11616] _al_d3d_sync_bitmap (system) ref count == 1
d3d      D          d3d_bmp.cpp:460  _al_d3d_sync_bitmap              [   0.11619] _al_d3d_sync_bitmap (video) ref count == 2
font     D                ttf.c:216  alloc_glyph_region               [   0.11670] glyph 15x26 (16x28)
d3d      D          d3d_bmp.cpp:455  _al_d3d_sync_bitmap              [   0.11938] _al_d3d_sync_bitmap (system) ref count == 1
d3d      D          d3d_bmp.cpp:460  _al_d3d_sync_bitmap              [   0.11940] _al_d3d_sync_bitmap (video) ref count == 2
font     D                ttf.c:216  alloc_glyph_region               [   0.11971] glyph 26x26 (28x28)
d3d      D          d3d_bmp.cpp:455  _al_d3d_sync_bitmap              [   0.12021] _al_d3d_sync_bitmap (system) ref count == 1
d3d      D          d3d_bmp.cpp:460  _al_d3d_sync_bitmap              [   0.12023] _al_d3d_sync_bitmap (video) ref count == 2
font     D                ttf.c:216  alloc_glyph_region               [   0.12051] glyph 20x26 (20x28)
d3d      D          d3d_bmp.cpp:455  _al_d3d_sync_bitmap              [   0.12100] _al_d3d_sync_bitmap (system) ref count == 1
d3d      D          d3d_bmp.cpp:460  _al_d3d_sync_bitmap              [   0.12103] _al_d3d_sync_bitmap (video) ref count == 2
font     D                ttf.c:216  alloc_glyph_region               [   0.12130] glyph 16x27 (16x28)
d3d      D          d3d_bmp.cpp:455  _al_d3d_sync_bitmap              [   0.12178] _al_d3d_sync_bitmap (system) ref count == 1
d3d      D          d3d_bmp.cpp:460  _al_d3d_sync_bitmap              [   0.12180] _al_d3d_sync_bitmap (video) ref count == 2
font     D                ttf.c:216  alloc_glyph_region               [   0.12207] glyph 17x26 (20x28)
d3d      D          d3d_bmp.cpp:455  _al_d3d_sync_bitmap              [   0.12264] _al_d3d_sync_bitmap (system) ref count == 1
d3d      D          d3d_bmp.cpp:460  _al_d3d_sync_bitmap              [   0.12266] _al_d3d_sync_bitmap (video) ref count == 2
font     D                ttf.c:216  alloc_glyph_region               [   0.12291] glyph 19x26 (20x28)
d3d      D          d3d_bmp.cpp:455  _al_d3d_sync_bitmap              [   0.12345] _al_d3d_sync_bitmap (system) ref count == 1
d3d      D          d3d_bmp.cpp:460  _al_d3d_sync_bitmap              [   0.12347] _al_d3d_sync_bitmap (video) ref count == 2
font     D                ttf.c:216  alloc_glyph_region               [   0.12369] glyph 11x27 (12x28)
d3d      D          d3d_bmp.cpp:455  _al_d3d_sync_bitmap              [   0.12426] _al_d3d_sync_bitmap (system) ref count == 1
d3d      D          d3d_bmp.cpp:460  _al_d3d_sync_bitmap              [   0.12429] _al_d3d_sync_bitmap (video) ref count == 2
font     D                ttf.c:216  alloc_glyph_region               [   0.12452] glyph 14x26 (16x28)
d3d      D          d3d_bmp.cpp:455  _al_d3d_sync_bitmap              [   0.12507] _al_d3d_sync_bitmap (system) ref count == 1
d3d      D          d3d_bmp.cpp:460  _al_d3d_sync_bitmap              [   0.12509] _al_d3d_sync_bitmap (video) ref count == 2
font     D                ttf.c:216  alloc_glyph_region               [   0.12538] glyph 14x27 (16x28)
d3d      D          d3d_bmp.cpp:455  _al_d3d_sync_bitmap              [   0.12599] _al_d3d_sync_bitmap (system) ref count == 1
d3d      D          d3d_bmp.cpp:460  _al_d3d_sync_bitmap              [   0.12601] _al_d3d_sync_bitmap (video) ref count == 2
font     D                ttf.c:216  alloc_glyph_region               [   0.12629] glyph 18x27 (20x28)
d3d      D          d3d_bmp.cpp:455  _al_d3d_sync_bitmap              [   0.12689] _al_d3d_sync_bitmap (system) ref count == 1
d3d      D          d3d_bmp.cpp:460  _al_d3d_sync_bitmap              [   0.12691] _al_d3d_sync_bitmap (video) ref count == 2
d3d      D         d3d_disp.cpp:1165 real_choose_bitmap_format        [   0.12721] Fake format
d3d      D         d3d_disp.cpp:1165 real_choose_bitmap_format        [   0.12722] Fake format
d3d      D         d3d_disp.cpp:1165 real_choose_bitmap_format        [   0.12723] Fake format
d3d      D         d3d_disp.cpp:1165 real_choose_bitmap_format        [   0.12724] Fake format
d3d      D         d3d_disp.cpp:1165 real_choose_bitmap_format        [   0.12725] Fake format
d3d      D         d3d_disp.cpp:1165 real_choose_bitmap_format        [   0.12726] Fake format
d3d      D         d3d_disp.cpp:1165 real_choose_bitmap_format        [   0.12727] Fake format
d3d      D         d3d_disp.cpp:1165 real_choose_bitmap_format        [   0.12728] Fake format
d3d      D         d3d_disp.cpp:1165 real_choose_bitmap_format        [   0.12728] Fake format
d3d      D         d3d_disp.cpp:1173 real_choose_bitmap_format        [   0.12729] Alpha doesn't match
d3d      D         d3d_disp.cpp:1180 real_choose_bitmap_format        [   0.12730] Adapter format is 23
d3d      D         d3d_disp.cpp:1183 real_choose_bitmap_format        [   0.12732] Found a format
d3d      I         d3d_disp.cpp:2289 _al_d3d_create_bitmap            [   0.12733] Chose bitmap format 9
font     D                ttf.c:216  alloc_glyph_region               [   0.12770] glyph 24x37 (24x40)
d3d      D          d3d_bmp.cpp:455  _al_d3d_sync_bitmap              [   0.12885] _al_d3d_sync_bitmap (system) ref count == 1
d3d      D          d3d_bmp.cpp:460  _al_d3d_sync_bitmap              [   0.12888] _al_d3d_sync_bitmap (video) ref count == 2
font     D                ttf.c:216  alloc_glyph_region               [   0.12907] glyph 27x37 (28x40)
font     D                ttf.c:216  alloc_glyph_region               [   0.12916] glyph 15x39 (16x40)
font     D                ttf.c:216  alloc_glyph_region               [   0.12924] glyph 20x37 (20x40)
font     D                ttf.c:216  alloc_glyph_region               [   0.12936] glyph 20x38 (20x40)
font     D                ttf.c:216  alloc_glyph_region               [   0.12947] glyph 23x38 (24x40)
font     D                ttf.c:216  alloc_glyph_region               [   0.12958] glyph 25x38 (28x40)
font     D                ttf.c:216  alloc_glyph_region               [   0.12968] glyph 24x37 (24x40)
font     D                ttf.c:216  alloc_glyph_region               [   0.12979] glyph 28x37 (28x40)
font     D                ttf.c:216  alloc_glyph_region               [   0.12990] glyph 22x38 (24x40)
font     D                ttf.c:216  alloc_glyph_region               [   0.13002] glyph 27x38 (28x40)
d3d      D          d3d_bmp.cpp:455  _al_d3d_sync_bitmap              [   0.13085] _al_d3d_sync_bitmap (system) ref count == 1
d3d      D          d3d_bmp.cpp:460  _al_d3d_sync_bitmap              [   0.13086] _al_d3d_sync_bitmap (video) ref count == 2
font     D                ttf.c:216  alloc_glyph_region               [   0.13099] glyph 20x38 (20x40)
font     D                ttf.c:216  alloc_glyph_region               [   0.13109] glyph 22x37 (24x40)
d3d      D         d3d_disp.cpp:1165 real_choose_bitmap_format        [   0.13156] Fake format
d3d      D         d3d_disp.cpp:1165 real_choose_bitmap_format        [   0.13158] Fake format
d3d      D         d3d_disp.cpp:1165 real_choose_bitmap_format        [   0.13159] Fake format
d3d      D         d3d_disp.cpp:1165 real_choose_bitmap_format        [   0.13160] Fake format
d3d      D         d3d_disp.cpp:1165 real_choose_bitmap_format        [   0.13161] Fake format
d3d      D         d3d_disp.cpp:1165 real_choose_bitmap_format        [   0.13161] Fake format
d3d      D         d3d_disp.cpp:1165 real_choose_bitmap_format        [   0.13162] Fake format
d3d      D         d3d_disp.cpp:1165 real_choose_bitmap_format        [   0.13163] Fake format
d3d      D         d3d_disp.cpp:1165 real_choose_bitmap_format        [   0.13164] Fake format
d3d      D         d3d_disp.cpp:1173 real_choose_bitmap_format        [   0.13165] Alpha doesn't match
d3d      D         d3d_disp.cpp:1180 real_choose_bitmap_format        [   0.13166] Adapter format is 23
d3d      D         d3d_disp.cpp:1183 real_choose_bitmap_format        [   0.13167] Found a format
d3d      I         d3d_disp.cpp:2289 _al_d3d_create_bitmap            [   0.13168] Chose bitmap format 9
font     D                ttf.c:216  alloc_glyph_region               [   0.13207] glyph 12x15 (12x16)
d3d      D          d3d_bmp.cpp:455  _al_d3d_sync_bitmap              [   0.13310] _al_d3d_sync_bitmap (system) ref count == 1
d3d      D          d3d_bmp.cpp:460  _al_d3d_sync_bitmap              [   0.13312] _al_d3d_sync_bitmap (video) ref count == 2
font     D                ttf.c:216  alloc_glyph_region               [   0.13331] glyph 10x15 (12x16)
font     D                ttf.c:216  alloc_glyph_region               [   0.13336] glyph 4x15 (4x16)
font     D                ttf.c:216  alloc_glyph_region               [   0.13347] glyph 9x12 (12x12)
font     D                ttf.c:216  alloc_glyph_region               [   0.13353] glyph 7x12 (8x12)
font     D                ttf.c:216  alloc_glyph_region               [   0.13360] glyph 11x16 (12x16)
font     D                ttf.c:216  alloc_glyph_region               [   0.13366] glyph 6x16 (8x16)
font     D                ttf.c:216  alloc_glyph_region               [   0.13375] glyph 10x12 (12x12)
font     D                ttf.c:216  alloc_glyph_region               [   0.13387] glyph 4x15 (4x16)
font     D                ttf.c:216  alloc_glyph_region               [   0.13394] glyph 10x12 (12x12)
font     D                ttf.c:216  alloc_glyph_region               [   0.13400] glyph 10x12 (12x12)
font     D                ttf.c:216  alloc_glyph_region               [   0.13406] glyph 10x15 (12x16)
font     D                ttf.c:216  alloc_glyph_region               [   0.13411] glyph 7x15 (8x16)
font     D                ttf.c:216  alloc_glyph_region               [   0.13418] glyph 10x15 (12x16)
font     D                ttf.c:216  alloc_glyph_region               [   0.13424] glyph 10x16 (12x16)
font     D                ttf.c:216  alloc_glyph_region               [   0.13431] glyph 10x12 (12x12)
font     D                ttf.c:216  alloc_glyph_region               [   0.13462] glyph 12x15 (12x16)
d3d      D          d3d_bmp.cpp:455  _al_d3d_sync_bitmap              [   0.13560] _al_d3d_sync_bitmap (system) ref count == 1
d3d      D          d3d_bmp.cpp:460  _al_d3d_sync_bitmap              [   0.13562] _al_d3d_sync_bitmap (video) ref count == 2
font     D                ttf.c:216  alloc_glyph_region               [   0.13576] glyph 13x15 (16x16)
font     D                ttf.c:216  alloc_glyph_region               [   0.13588] glyph 17x12 (20x12)
font     D                ttf.c:216  alloc_glyph_region               [   0.13595] glyph 13x12 (16x12)
font     D                ttf.c:216  alloc_glyph_region               [   0.13603] glyph 10x15 (12x16)
font     D                ttf.c:216  alloc_glyph_region               [   0.13609] glyph 10x12 (12x12)
font     D                ttf.c:216  alloc_glyph_region               [   0.13614] glyph 7x19 (8x20)
d3d      D          d3d_bmp.cpp:455  _al_d3d_sync_bitmap              [   0.13683] _al_d3d_sync_bitmap (system) ref count == 1
d3d      D          d3d_bmp.cpp:460  _al_d3d_sync_bitmap              [   0.13685] _al_d3d_sync_bitmap (video) ref count == 2
font     D                ttf.c:216  alloc_glyph_region               [   0.13696] glyph 11x12 (12x12)
font     D                ttf.c:216  alloc_glyph_region               [   0.13701] glyph 8x15 (8x16)
font     D                ttf.c:216  alloc_glyph_region               [   0.13706] glyph 7x19 (8x20)
font     D                ttf.c:216  alloc_glyph_region               [   0.13709] glyph 4x12 (4x12)
font     D                ttf.c:216  alloc_glyph_region               [   0.13717] glyph 12x15 (12x16)
font     D                ttf.c:216  alloc_glyph_region               [   0.13722] glyph 10x12 (12x12)
font     D                ttf.c:216  alloc_glyph_region               [   0.13726] glyph 11x8 (12x8)
font     D                ttf.c:216  alloc_glyph_region               [   0.13732] glyph 11x15 (12x16)
font     D                ttf.c:216  alloc_glyph_region               [   0.13738] glyph 11x15 (12x16)
font     D                ttf.c:216  alloc_glyph_region               [   0.13744] glyph 11x15 (12x16)
font     D                ttf.c:216  alloc_glyph_region               [   0.13748] glyph 9x15 (12x16)
font     D                ttf.c:216  alloc_glyph_region               [   0.13752] glyph 10x15 (12x16)
font     D                ttf.c:216  alloc_glyph_region               [   0.13758] glyph 10x15 (12x16)
d3d      D          d3d_bmp.cpp:455  _al_d3d_sync_bitmap              [   0.13883] _al_d3d_sync_bitmap (system) ref count == 1
d3d      D          d3d_bmp.cpp:460  _al_d3d_sync_bitmap              [   0.13885] _al_d3d_sync_bitmap (video) ref count == 2
d3d      D          d3d_bmp.cpp:455  _al_d3d_sync_bitmap              [   0.13933] _al_d3d_sync_bitmap (system) ref count == 1
d3d      D          d3d_bmp.cpp:460  _al_d3d_sync_bitmap              [   0.13935] _al_d3d_sync_bitmap (video) ref count == 2
d3d      D          d3d_bmp.cpp:455  _al_d3d_sync_bitmap              [   0.13979] _al_d3d_sync_bitmap (system) ref count == 1
d3d      D          d3d_bmp.cpp:460  _al_d3d_sync_bitmap              [   0.13980] _al_d3d_sync_bitmap (video) ref count == 2
dinput   D           wjoydxnu.c:810  joystick_enum_callback           [   1.09047] Device 6c3065c0-900a-11e2-8014445535400 still exists
dinput   D           wjoydxnu.c:810  joystick_enum_callback           [   2.12539] Device 6c3065c0-900a-11e2-8014445535400 still exists
dinput   D           wjoydxnu.c:810  joystick_enum_callback           [   3.16408] Device 6c3065c0-900a-11e2-8014445535400 still exists
dtor     D               dtor.c:184  _al_register_destructor          [   4.14483] added dtor for object 04D92A38, func 6BF01A0F
dtor     D               dtor.c:184  _al_register_destructor          [   4.14493] added dtor for object 0076B2F0, func 6BF01690
font     D                ttf.c:216  alloc_glyph_region               [   4.17933] glyph 11x15 (12x16)
d3d      D          d3d_bmp.cpp:455  _al_d3d_sync_bitmap              [   4.18019] _al_d3d_sync_bitmap (system) ref count == 1
d3d      D          d3d_bmp.cpp:460  _al_d3d_sync_bitmap              [   4.18023] _al_d3d_sync_bitmap (video) ref count == 2
font     D                ttf.c:216  alloc_glyph_region               [   4.18045] glyph 14x12 (16x12)
d3d      D          d3d_bmp.cpp:455  _al_d3d_sync_bitmap              [   4.18173] _al_d3d_sync_bitmap (system) ref count == 1
d3d      D          d3d_bmp.cpp:460  _al_d3d_sync_bitmap              [   4.18177] _al_d3d_sync_bitmap (video) ref count == 2
font     D                ttf.c:216  alloc_glyph_region               [   4.19599] glyph 10x15 (12x16)
d3d      D          d3d_bmp.cpp:455  _al_d3d_sync_bitmap              [   4.19700] _al_d3d_sync_bitmap (system) ref count == 1
d3d      D          d3d_bmp.cpp:460  _al_d3d_sync_bitmap              [   4.19704] _al_d3d_sync_bitmap (video) ref count == 2
dinput   D           wjoydxnu.c:810  joystick_enum_callback           [   4.19742] Device 6c3065c0-900a-11e2-8014445535400 still exists
d3d      D          d3d_bmp.cpp:455  _al_d3d_sync_bitmap              [   4.21343] _al_d3d_sync_bitmap (system) ref count == 1
d3d      D          d3d_bmp.cpp:460  _al_d3d_sync_bitmap              [   4.21348] _al_d3d_sync_bitmap (video) ref count == 2
font     D                ttf.c:216  alloc_glyph_region               [   4.22973] glyph 10x15 (12x16)
d3d      D          d3d_bmp.cpp:455  _al_d3d_sync_bitmap              [   4.23078] _al_d3d_sync_bitmap (system) ref count == 1
d3d      D          d3d_bmp.cpp:460  _al_d3d_sync_bitmap              [   4.23082] _al_d3d_sync_bitmap (video) ref count == 2
d3d      D          d3d_bmp.cpp:455  _al_d3d_sync_bitmap              [   4.24694] _al_d3d_sync_bitmap (system) ref count == 1
d3d      D          d3d_bmp.cpp:460  _al_d3d_sync_bitmap              [   4.24700] _al_d3d_sync_bitmap (video) ref count == 2
font     D                ttf.c:216  alloc_glyph_region               [   4.29640] glyph 10x15 (12x16)
d3d      D          d3d_bmp.cpp:455  _al_d3d_sync_bitmap              [   4.29727] _al_d3d_sync_bitmap (system) ref count == 1
d3d      D          d3d_bmp.cpp:460  _al_d3d_sync_bitmap              [   4.29733] _al_d3d_sync_bitmap (video) ref count == 2
d3d      D          d3d_bmp.cpp:455  _al_d3d_sync_bitmap              [   4.31362] _al_d3d_sync_bitmap (system) ref count == 1
d3d      D          d3d_bmp.cpp:460  _al_d3d_sync_bitmap              [   4.31369] _al_d3d_sync_bitmap (video) ref count == 2
dinput   D           wjoydxnu.c:810  joystick_enum_callback           [   5.23785] Device 6c3065c0-900a-11e2-8014445535400 still exists
dinput   D           wjoydxnu.c:810  joystick_enum_callback           [   6.70365] Device 6c3065c0-900a-11e2-8014445535400 still exists
dinput   D           wjoydxnu.c:810  joystick_enum_callback           [   8.01973] Device 6c3065c0-900a-11e2-8014445535400 still exists
dinput   D           wjoydxnu.c:810  joystick_enum_callback           [   9.29729] Device 6c3065c0-900a-11e2-8014445535400 still exists
dinput   D           wjoydxnu.c:810  joystick_enum_callback           [  10.69577] Device 6c3065c0-900a-11e2-8014445535400 still exists
dinput   D           wjoydxnu.c:810  joystick_enum_callback           [  11.82717] Device 6c3065c0-900a-11e2-8014445535400 still exists
dinput   D           wjoydxnu.c:810  joystick_enum_callback           [  13.09952] Device 6c3065c0-900a-11e2-8014445535400 still exists
dinput   D           wjoydxnu.c:810  joystick_enum_callback           [  14.59761] Device 6c3065c0-900a-11e2-8014445535400 still exists
dinput   D           wjoydxnu.c:810  joystick_enum_callback           [  15.79285] Device 6c3065c0-900a-11e2-8014445535400 still exists
dinput   D           wjoydxnu.c:810  joystick_enum_callback           [  17.65925] Device 6c3065c0-900a-11e2-8014445535400 still exists
dinput   D           wjoydxnu.c:810  joystick_enum_callback           [  18.76747] Device 6c3065c0-900a-11e2-8014445535400 still exists
dinput   D           wjoydxnu.c:810  joystick_enum_callback           [  19.80043] Device 6c3065c0-900a-11e2-8014445535400 still exists
dinput   D           wjoydxnu.c:810  joystick_enum_callback           [  20.92161] Device 6c3065c0-900a-11e2-8014445535400 still exists
dinput   D           wjoydxnu.c:810  joystick_enum_callback           [  22.83617] Device 6c3065c0-900a-11e2-8014445535400 still exists
dinput   D           wjoydxnu.c:810  joystick_enum_callback           [  23.86967] Device 6c3065c0-900a-11e2-8014445535400 still exists
dinput   D           wjoydxnu.c:810  joystick_enum_callback           [  24.90650] Device 6c3065c0-900a-11e2-8014445535400 still exists
dinput   D           wjoydxnu.c:810  joystick_enum_callback           [  25.94006] Device 6c3065c0-900a-11e2-8014445535400 still exists
dinput   D           wjoydxnu.c:810  joystick_enum_callback           [  26.98129] Device 6c3065c0-900a-11e2-8014445535400 still exists
dinput   D           wjoydxnu.c:810  joystick_enum_callback           [  28.01634] Device 6c3065c0-900a-11e2-8014445535400 still exists
dinput   D           wjoydxnu.c:810  joystick_enum_callback           [  29.05525] Device 6c3065c0-900a-11e2-8014445535400 still exists
dinput   D           wjoydxnu.c:810  joystick_enum_callback           [  30.09726] Device 6c3065c0-900a-11e2-8014445535400 still exists
dinput   D           wjoydxnu.c:810  joystick_enum_callback           [  31.13027] Device 6c3065c0-900a-11e2-8014445535400 still exists
dinput   D           wjoydxnu.c:810  joystick_enum_callback           [  32.17163] Device 6c3065c0-900a-11e2-8014445535400 still exists
dinput   D           wjoydxnu.c:810  joystick_enum_callback           [  33.21363] Device 6c3065c0-900a-11e2-8014445535400 still exists
dinput   D           wjoydxnu.c:810  joystick_enum_callback           [  34.24906] Device 6c3065c0-900a-11e2-8014445535400 still exists
dinput   D           wjoydxnu.c:810  joystick_enum_callback           [  35.29123] Device 6c3065c0-900a-11e2-8014445535400 still exists
dinput   D           wjoydxnu.c:810  joystick_enum_callback           [  36.32618] Device 6c3065c0-900a-11e2-8014445535400 still exists
dtor     D               dtor.c:214  _al_unregister_destructor        [  37.01310] removed dtor for object 04D915F8
d3d      W          d3d_bmp.cpp:725  d3d_destroy_bitmap               [  37.01328] d3d_destroy_bitmap: Release video texture failed.
dtor     D               dtor.c:214  _al_unregister_destructor        [  37.01357] removed dtor for object 007CC1C0
d3d      W          d3d_bmp.cpp:725  d3d_destroy_bitmap               [  37.01365] d3d_destroy_bitmap: Release video texture failed.
dtor     D               dtor.c:214  _al_unregister_destructor        [  37.01381] removed dtor for object 00748DF0
d3d      W          d3d_bmp.cpp:725  d3d_destroy_bitmap               [  37.01393] d3d_destroy_bitmap: Release video texture failed.
dtor     D               dtor.c:214  _al_unregister_destructor        [  37.01409] removed dtor for object 04D92A38
dtor     D               dtor.c:214  _al_unregister_destructor        [  37.02943] removed dtor for object 0076B2F0
d3d      I         d3d_disp.cpp:920  d3d_destroy_display              [  37.02948] destroying display 007CDB70 (current 00000000)
d3d      D         d3d_disp.cpp:904  d3d_destroy_display_internals    [  37.02956] waiting for display 007CDB70's thread to end
d3d      W         d3d_disp.cpp:616  d3d_destroy_device               [  37.03310] d3d_destroy_device: ref count not 0
d3d      I         d3d_disp.cpp:1522 d3d_display_thread_proc          [  37.04738] d3d display thread exits
dinput   D           wjoydxnu.c:1136 joydx_exit_joystick              [  37.04750] Entering joydx_exit_joystick
dinput   D           wjoydxnu.c:1182 joydx_exit_joystick              [  37.04804] Leaving joydx_exit_joystick
